2024-04-22 13:40:14.5758|TRACE|TwinCat|FlexMold.Utility.TwinCathelper.GetSlaveMachineState|Writing ECAbExecute : 1
2024-04-22 13:40:14.5883|TRACE|TwinCat|FlexMold.Utility.TwinCathelper.GetSlaveMachineState|Readed ECAbError : false
2024-04-22 13:40:14.5883|TRACE|TwinCat|FlexMold.Utility.TwinCathelper.GetSlaveMachineState|Readed ECAdevStates : "CAAIAA=="
2024-04-22 13:40:14.5883|TRACE|TwinCat|FlexMold.Utility.TwinCathelper.GetSlaveMachineState|Writing ECAbExecute : 0
2024-04-22 13:40:14.6496|INFO|Device Status|FlexMold.MVVM.ViewModel.Home.MotorStatusViewmodel.CalibrateSeq02|Starting Calibration Seq02 process!
2024-04-22 13:40:14.6500|INFO|Device Status|FlexMold.MVVM.ViewModel.Home.MotorStatusViewmodel.Motor_DeviceStatusChanged|Motor_DeviceStatusChanged >>> CSVHelper.IsLastEventCalibr
2024-04-22 13:40:14.6500|INFO|Device Status|FlexMold.MVVM.ViewModel.Home.MotorStatusViewmodel.Motor_DeviceStatusChanged|Motor_DeviceStatusChanged111
2024-04-22 13:40:14.6500|INFO|Device Status|FlexMold.MVVM.ViewModel.Home.MotorStatusViewmodel.Motor_DeviceStatusChanged|Motor_DeviceStatusChanged222
2024-04-22 13:40:14.6500|INFO|Device Status|FlexMold.MVVM.ViewModel.Home.MotorStatusViewmodel.Motor_DeviceStatusChanged|Beofre sending Calibration Seq02 >>> Please wait...
2024-04-22 13:40:14.6500|INFO|Calibration|FlexMold.MVVM.ViewModel.Home.MotorStatusViewmodel.WriteDistpacementCSVData|WriteDistpacementCSVData before>>>>
2024-04-22 13:40:14.6500|TRACE|TwinCat|FlexMold.Utility.TwinCathelper.WriteEthercatDeviceData|Writing mDisplacement : "AACgQQ=="
2024-04-22 13:40:14.6500|TRACE|TwinCat|FlexMold.Utility.TwinCathelper.WriteEthercatDeviceData|Writing mDisplacement : "AACgQQ=="
2024-04-22 13:40:14.6500|INFO|Calibration|FlexMold.MVVM.ViewModel.Home.MotorStatusViewmodel.WriteDistpacementCSVData|2 csv value(s) for Calibration has been written sucessfully
2024-04-22 13:40:14.6500|INFO|Calibration|FlexMold.MVVM.ViewModel.Home.MotorStatusViewmodel.WriteDistpacementCSVData|[20,20]
2024-04-22 13:40:14.6500|INFO|Calibration|FlexMold.MVVM.ViewModel.Home.MotorStatusViewmodel.WriteDistpacementCSVData|WriteDistpacementCSVData afer>>>>
2024-04-22 13:40:14.6500|INFO|Device Status|FlexMold.MVVM.ViewModel.Home.MotorStatusViewmodel.Motor_DeviceStatusChanged|Motor_DeviceStatusChanged333
2024-04-22 13:40:14.6500|TRACE|TwinCat|FlexMold.Utility.TwinCathelper.WriteEthercatDeviceData|Writing mMode : "AwAAAA=="
2024-04-22 13:40:14.6672|TRACE|TwinCat|FlexMold.Utility.TwinCathelper.WriteEthercatDeviceData|Writing mMode : "AwAAAA=="
2024-04-22 13:40:14.6672|WARN|Device Status|FlexMold.MVVM.ViewModel.Home.MotorStatusViewmodel.Motor_DeviceStatusChanged|CalibrationSeq02Request. Please wait...
2024-04-22 13:40:14.8095|TRACE|TwinCat|FlexMold.Utility.TwinCathelper.Client_AdsNotification|Readed mPosition : 0.086120605
2024-04-22 13:40:14.8393|TRACE|TwinCat|FlexMold.Utility.TwinCathelper.Client_AdsNotification|Readed DeviceStatus : "BAAAAAQAAAA="
2024-04-22 13:40:14.8393|INFO|Device Status|FlexMold.MVVM.ViewModel.Home.MotorStatusViewmodel.Motor_DeviceStatusChanged|Motor_DeviceStatusChanged >>> CSVHelper.IsLastEventCalibr
2024-04-22 13:40:14.8393|INFO|Device Status|FlexMold.MVVM.ViewModel.Home.MotorStatusViewmodel.Motor_DeviceStatusChanged|Motor_DeviceStatusChanged111
2024-04-22 13:40:14.8393|INFO|Calibration|FlexMold.MVVM.ViewModel.Home.MotorStatusViewmodel.DispDeviceStatus|Motor0 --> DeviceStatus : CalibrationSquence02Started
2024-04-22 13:40:14.8393|INFO|Calibration|FlexMold.MVVM.ViewModel.Home.MotorStatusViewmodel.DispDeviceStatus|Motor1 --> DeviceStatus : CalibrationSquence02Started
2024-04-22 13:40:14.8393|INFO|Device Status|FlexMold.MVVM.ViewModel.Home.MotorStatusViewmodel.Motor_DeviceStatusChanged|Motor_DeviceStatusChanged222
2024-04-22 13:40:14.8700|TRACE|TwinCat|FlexMold.Utility.TwinCathelper.WriteEthercatDeviceData|Writing mDisplacement : "AAAAAA=="
2024-04-22 13:40:14.8700|TRACE|TwinCat|FlexMold.Utility.TwinCathelper.WriteEthercatDeviceData|Writing mDisplacement : "AAAAAA=="
2024-04-22 13:40:14.8700|INFO|Device Status|FlexMold.MVVM.ViewModel.Home.MotorStatusViewmodel.Motor_DeviceStatusChanged|2 zero value(s) has been written sucessfully
2024-04-22 13:40:15.0088|TRACE|TwinCat|FlexMold.Utility.TwinCathelper.Client_AdsNotification|Readed mPosition : 0.2855835
2024-04-22 13:40:15.2087|TRACE|TwinCat|FlexMold.Utility.TwinCathelper.Client_AdsNotification|Readed mPosition : 0.48693848
2024-04-22 13:40:15.4093|TRACE|TwinCat|FlexMold.Utility.TwinCathelper.Client_AdsNotification|Readed mPosition : 0.6876221
2024-04-22 13:40:15.6094|TRACE|TwinCat|FlexMold.Utility.TwinCathelper.Client_AdsNotification|Readed mPosition : 0.8856201
2024-04-22 13:40:15.8088|TRACE|TwinCat|FlexMold.Utility.TwinCathelper.Client_AdsNotification|Readed mPosition : 1.0809937
2024-04-22 13:40:16.0093|TRACE|TwinCat|FlexMold.Utility.TwinCathelper.Client_AdsNotification|Readed mPosition : 1.2841187
2024-04-22 13:40:16.2091|TRACE|TwinCat|FlexMold.Utility.TwinCathelper.Client_AdsNotification|Readed mPosition : 1.4857788
2024-04-22 13:40:16.4092|TRACE|TwinCat|FlexMold.Utility.TwinCathelper.Client_AdsNotification|Readed mPosition : 1.6834717
2024-04-22 13:40:16.6092|TRACE|TwinCat|FlexMold.Utility.TwinCathelper.Client_AdsNotification|Readed mPosition : 1.8831177
2024-04-22 13:40:16.8093|TRACE|TwinCat|FlexMold.Utility.TwinCathelper.Client_AdsNotification|Readed mPosition : 2.0830078
2024-04-22 13:40:17.0092|TRACE|TwinCat|FlexMold.Utility.TwinCathelper.Client_AdsNotification|Readed mPosition : 2.2805176
2024-04-22 13:40:17.2093|TRACE|TwinCat|FlexMold.Utility.TwinCathelper.Client_AdsNotification|Readed mPosition : 2.4820557
2024-04-22 13:40:17.4093|TRACE|TwinCat|FlexMold.Utility.TwinCathelper.Client_AdsNotification|Readed mPosition : 2.6828613
2024-04-22 13:40:17.5893|TRACE|TwinCat|FlexMold.Utility.TwinCathelper.GetSlaveMachineState|Writing ECAbExecute : 1
2024-04-22 13:40:17.6095|TRACE|TwinCat|FlexMold.Utility.TwinCathelper.Client_AdsNotification|Readed mPosition : 2.8817139
2024-04-22 13:40:17.6095|TRACE|TwinCat|FlexMold.Utility.TwinCathelper.GetSlaveMachineState|Readed ECAbError : false
2024-04-22 13:40:17.6192|TRACE|TwinCat|FlexMold.Utility.TwinCathelper.GetSlaveMachineState|Readed ECAdevStates : "CAAIAA=="
2024-04-22 13:40:17.6192|TRACE|TwinCat|FlexMold.Utility.TwinCathelper.GetSlaveMachineState|Writing ECAbExecute : 0
2024-04-22 13:40:17.8087|TRACE|TwinCat|FlexMold.Utility.TwinCathelper.Client_AdsNotification|Readed mPosition : 3.081604
2024-04-22 13:40:18.0092|TRACE|TwinCat|FlexMold.Utility.TwinCathelper.Client_AdsNotification|Readed mPosition : 3.279541
2024-04-22 13:40:18.2089|TRACE|TwinCat|FlexMold.Utility.TwinCathelper.Client_AdsNotification|Readed mPosition : 3.481079
2024-04-22 13:40:18.4088|TRACE|TwinCat|FlexMold.Utility.TwinCathelper.Client_AdsNotification|Readed mPosition : 3.6779785
2024-04-22 13:40:18.6092|TRACE|TwinCat|FlexMold.Utility.TwinCathelper.Client_AdsNotification|Readed mPosition : 3.8773193
2024-04-22 13:40:18.8093|TRACE|TwinCat|FlexMold.Utility.TwinCathelper.Client_AdsNotification|Readed mPosition : 4.0771484
2024-04-22 13:40:19.0093|TRACE|TwinCat|FlexMold.Utility.TwinCathelper.Client_AdsNotification|Readed mPosition : 4.2802734
2024-04-22 13:40:19.2094|TRACE|TwinCat|FlexMold.Utility.TwinCathelper.Client_AdsNotification|Readed mPosition : 4.4801636
2024-04-22 13:40:19.4089|TRACE|TwinCat|FlexMold.Utility.TwinCathelper.Client_AdsNotification|Readed mPosition : 4.677246
2024-04-22 13:40:19.6092|TRACE|TwinCat|FlexMold.Utility.TwinCathelper.Client_AdsNotification|Readed mPosition : 4.875183
2024-04-22 13:40:19.8092|TRACE|TwinCat|FlexMold.Utility.TwinCathelper.Client_AdsNotification|Readed mPosition : 5.0699463
2024-04-22 13:40:20.0092|TRACE|TwinCat|FlexMold.Utility.TwinCathelper.Client_AdsNotification|Readed mPosition : 5.272339
2024-04-22 13:40:20.2093|TRACE|TwinCat|FlexMold.Utility.TwinCathelper.Client_AdsNotification|Readed mPosition : 5.473572
2024-04-22 13:40:20.4093|TRACE|TwinCat|FlexMold.Utility.TwinCathelper.Client_AdsNotification|Readed mPosition : 5.6748657
2024-04-22 13:40:20.6094|TRACE|TwinCat|FlexMold.Utility.TwinCathelper.Client_AdsNotification|Readed mPosition : 5.8706055
2024-04-22 13:40:20.6257|TRACE|TwinCat|FlexMold.Utility.TwinCathelper.GetSlaveMachineState|Writing ECAbExecute : 1
2024-04-22 13:40:20.6382|TRACE|TwinCat|FlexMold.Utility.TwinCathelper.GetSlaveMachineState|Readed ECAbError : false
2024-04-22 13:40:20.6382|TRACE|TwinCat|FlexMold.Utility.TwinCathelper.GetSlaveMachineState|Readed ECAdevStates : "CAAIAA=="
2024-04-22 13:40:20.6382|TRACE|TwinCat|FlexMold.Utility.TwinCathelper.GetSlaveMachineState|Writing ECAbExecute : 0
2024-04-22 13:40:20.8093|TRACE|TwinCat|FlexMold.Utility.TwinCathelper.Client_AdsNotification|Readed mPosition : 6.0703125
2024-04-22 13:40:21.0092|TRACE|TwinCat|FlexMold.Utility.TwinCathelper.Client_AdsNotification|Readed mPosition : 6.272522
2024-04-22 13:40:21.2093|TRACE|TwinCat|FlexMold.Utility.TwinCathelper.Client_AdsNotification|Readed mPosition : 6.4694824
2024-04-22 13:40:21.4093|TRACE|TwinCat|FlexMold.Utility.TwinCathelper.Client_AdsNotification|Readed mPosition : 6.6690674
2024-04-22 13:40:21.6094|TRACE|TwinCat|FlexMold.Utility.TwinCathelper.Client_AdsNotification|Readed mPosition : 6.8670654
2024-04-22 13:40:21.8087|TRACE|TwinCat|FlexMold.Utility.TwinCathelper.Client_AdsNotification|Readed mPosition : 7.066284
2024-04-22 13:40:22.0094|TRACE|TwinCat|FlexMold.Utility.TwinCathelper.Client_AdsNotification|Readed mPosition : 7.264282
2024-04-22 13:40:22.2095|TRACE|TwinCat|FlexMold.Utility.TwinCathelper.Client_AdsNotification|Readed mPosition : 7.4656982
2024-04-22 13:40:22.4095|TRACE|TwinCat|FlexMold.Utility.TwinCathelper.Client_AdsNotification|Readed mPosition : 7.6672974
2024-04-22 13:40:22.6096|TRACE|TwinCat|FlexMold.Utility.TwinCathelper.Client_AdsNotification|Readed mPosition : 7.8640137
2024-04-22 13:40:22.8087|TRACE|TwinCat|FlexMold.Utility.TwinCathelper.Client_AdsNotification|Readed mPosition : 8.063171
2024-04-22 13:40:23.0094|TRACE|TwinCat|FlexMold.Utility.TwinCathelper.Client_AdsNotification|Readed mPosition : 8.266174
2024-04-22 13:40:23.2095|TRACE|TwinCat|FlexMold.Utility.TwinCathelper.Client_AdsNotification|Readed mPosition : 8.468262
2024-04-22 13:40:23.4088|TRACE|TwinCat|FlexMold.Utility.TwinCathelper.Client_AdsNotification|Readed mPosition : 8.664917
2024-04-22 13:40:23.6094|TRACE|TwinCat|FlexMold.Utility.TwinCathelper.Client_AdsNotification|Readed mPosition : 8.863342
2024-04-22 13:40:23.6574|TRACE|TwinCat|FlexMold.Utility.TwinCathelper.GetSlaveMachineState|Writing ECAbExecute : 1
2024-04-22 13:40:23.6704|TRACE|TwinCat|FlexMold.Utility.TwinCathelper.GetSlaveMachineState|Readed ECAbError : false
2024-04-22 13:40:23.6704|TRACE|TwinCat|FlexMold.Utility.TwinCathelper.GetSlaveMachineState|Readed ECAdevStates : "CAAIAA=="
2024-04-22 13:40:23.6704|TRACE|TwinCat|FlexMold.Utility.TwinCathelper.GetSlaveMachineState|Writing ECAbExecute : 0
2024-04-22 13:40:23.8094|TRACE|TwinCat|FlexMold.Utility.TwinCathelper.Client_AdsNotification|Readed mPosition : 9.062317
2024-04-22 13:40:24.0093|TRACE|TwinCat|FlexMold.Utility.TwinCathelper.Client_AdsNotification|Readed mPosition : 9.260071
2024-04-22 13:40:24.2095|TRACE|TwinCat|FlexMold.Utility.TwinCathelper.Client_AdsNotification|Readed mPosition : 9.461853
2024-04-22 13:40:24.4096|TRACE|TwinCat|FlexMold.Utility.TwinCathelper.Client_AdsNotification|Readed mPosition : 9.664124
2024-04-22 13:40:24.6093|TRACE|TwinCat|FlexMold.Utility.TwinCathelper.Client_AdsNotification|Readed mPosition : 9.864441
2024-04-22 13:40:24.8093|TRACE|TwinCat|FlexMold.Utility.TwinCathelper.Client_AdsNotification|Readed mPosition : 10.062988
2024-04-22 13:40:25.0093|TRACE|TwinCat|FlexMold.Utility.TwinCathelper.Client_AdsNotification|Readed mPosition : 10.260315
2024-04-22 13:40:25.2093|TRACE|TwinCat|FlexMold.Utility.TwinCathelper.Client_AdsNotification|Readed mPosition : 10.461304
2024-04-22 13:40:25.4094|TRACE|TwinCat|FlexMold.Utility.TwinCathelper.Client_AdsNotification|Readed mPosition : 10.657837
2024-04-22 13:40:25.6094|TRACE|TwinCat|FlexMold.Utility.TwinCathelper.Client_AdsNotification|Readed mPosition : 10.856323
2024-04-22 13:40:25.8094|TRACE|TwinCat|FlexMold.Utility.TwinCathelper.Client_AdsNotification|Readed mPosition : 11.055664
2024-04-22 13:40:26.0092|TRACE|TwinCat|FlexMold.Utility.TwinCathelper.Client_AdsNotification|Readed mPosition : 11.25769
2024-04-22 13:40:26.2096|TRACE|TwinCat|FlexMold.Utility.TwinCathelper.Client_AdsNotification|Readed mPosition : 11.454651
2024-04-22 13:40:26.4094|TRACE|TwinCat|FlexMold.Utility.TwinCathelper.Client_AdsNotification|Readed mPosition : 11.656494
2024-04-22 13:40:26.6095|TRACE|TwinCat|FlexMold.Utility.TwinCathelper.Client_AdsNotification|Readed mPosition : 11.855835
2024-04-22 13:40:26.6834|TRACE|TwinCat|FlexMold.Utility.TwinCathelper.GetSlaveMachineState|Writing ECAbExecute : 1
2024-04-22 13:40:26.6834|TRACE|TwinCat|FlexMold.Utility.TwinCathelper.GetSlaveMachineState|Readed ECAbError : false
2024-04-22 13:40:26.7053|TRACE|TwinCat|FlexMold.Utility.TwinCathelper.GetSlaveMachineState|Readed ECAdevStates : "CAAIAA=="
2024-04-22 13:40:26.7053|TRACE|TwinCat|FlexMold.Utility.TwinCathelper.GetSlaveMachineState|Writing ECAbExecute : 0
2024-04-22 13:40:26.8093|TRACE|TwinCat|FlexMold.Utility.TwinCathelper.Client_AdsNotification|Readed mPosition : 12.051575
2024-04-22 13:40:27.0087|TRACE|TwinCat|FlexMold.Utility.TwinCathelper.Client_AdsNotification|Readed mPosition : 12.253967
2024-04-22 13:40:27.2095|TRACE|TwinCat|FlexMold.Utility.TwinCathelper.Client_AdsNotification|Readed mPosition : 12.4552
2024-04-22 13:40:27.4087|TRACE|TwinCat|FlexMold.Utility.TwinCathelper.Client_AdsNotification|Readed mPosition : 12.655701
2024-04-22 13:40:27.6087|TRACE|TwinCat|FlexMold.Utility.TwinCathelper.Client_AdsNotification|Readed mPosition : 12.850464
2024-04-22 13:40:27.8093|TRACE|TwinCat|FlexMold.Utility.TwinCathelper.Client_AdsNotification|Readed mPosition : 13.049438
2024-04-22 13:40:28.0093|TRACE|TwinCat|FlexMold.Utility.TwinCathelper.Client_AdsNotification|Readed mPosition : 13.251343
2024-04-22 13:40:28.2091|TRACE|TwinCat|FlexMold.Utility.TwinCathelper.Client_AdsNotification|Readed mPosition : 13.448242
2024-04-22 13:40:28.4098|TRACE|TwinCat|FlexMold.Utility.TwinCathelper.Client_AdsNotification|Readed mPosition : 13.650635
2024-04-22 13:40:28.6094|TRACE|TwinCat|FlexMold.Utility.TwinCathelper.Client_AdsNotification|Readed mPosition : 13.850098
2024-04-22 13:40:28.8091|TRACE|TwinCat|FlexMold.Utility.TwinCathelper.Client_AdsNotification|Readed mPosition : 14.044739
2024-04-22 13:40:29.0093|TRACE|TwinCat|FlexMold.Utility.TwinCathelper.Client_AdsNotification|Readed mPosition : 14.247559
2024-04-22 13:40:29.2090|TRACE|TwinCat|FlexMold.Utility.TwinCathelper.Client_AdsNotification|Readed mPosition : 14.449463
2024-04-22 13:40:29.4088|TRACE|TwinCat|FlexMold.Utility.TwinCathelper.Client_AdsNotification|Readed mPosition : 14.651245
2024-04-22 13:40:29.6095|TRACE|TwinCat|FlexMold.Utility.TwinCathelper.Client_AdsNotification|Readed mPosition : 14.845947
2024-04-22 13:40:29.7024|TRACE|TwinCat|FlexMold.Utility.TwinCathelper.GetSlaveMachineState|Writing ECAbExecute : 1
2024-04-22 13:40:29.7154|TRACE|TwinCat|FlexMold.Utility.TwinCathelper.GetSlaveMachineState|Readed ECAbError : false
2024-04-22 13:40:29.7154|TRACE|TwinCat|FlexMold.Utility.TwinCathelper.GetSlaveMachineState|Readed ECAdevStates : "CAAIAA=="
2024-04-22 13:40:29.7154|TRACE|TwinCat|FlexMold.Utility.TwinCathelper.GetSlaveMachineState|Writing ECAbExecute : 0
2024-04-22 13:40:29.8088|TRACE|TwinCat|FlexMold.Utility.TwinCathelper.Client_AdsNotification|Readed mPosition : 15.044495
2024-04-22 13:40:30.0088|TRACE|TwinCat|FlexMold.Utility.TwinCathelper.Client_AdsNotification|Readed mPosition : 15.246704
2024-04-22 13:40:30.2089|TRACE|TwinCat|FlexMold.Utility.TwinCathelper.Client_AdsNotification|Readed mPosition : 15.447754
2024-04-22 13:40:30.4093|TRACE|TwinCat|FlexMold.Utility.TwinCathelper.Client_AdsNotification|Readed mPosition : 15.645447
2024-04-22 13:40:30.6096|TRACE|TwinCat|FlexMold.Utility.TwinCathelper.Client_AdsNotification|Readed mPosition : 15.845337
2024-04-22 13:40:30.8091|TRACE|TwinCat|FlexMold.Utility.TwinCathelper.Client_AdsNotification|Readed mPosition : 16.040527
2024-04-22 13:40:31.0094|TRACE|TwinCat|FlexMold.Utility.TwinCathelper.Client_AdsNotification|Readed mPosition : 16.241882
2024-04-22 13:40:31.2094|TRACE|TwinCat|FlexMold.Utility.TwinCathelper.Client_AdsNotification|Readed mPosition : 16.443298
2024-04-22 13:40:31.4090|TRACE|TwinCat|FlexMold.Utility.TwinCathelper.Client_AdsNotification|Readed mPosition : 16.644592
2024-04-22 13:40:31.6093|TRACE|TwinCat|FlexMold.Utility.TwinCathelper.Client_AdsNotification|Readed mPosition : 16.842896
2024-04-22 13:40:31.8087|TRACE|TwinCat|FlexMold.Utility.TwinCathelper.Client_AdsNotification|Readed mPosition : 17.037659
2024-04-22 13:40:32.0092|TRACE|TwinCat|FlexMold.Utility.TwinCathelper.Client_AdsNotification|Readed mPosition : 17.239746
2024-04-22 13:40:32.2092|TRACE|TwinCat|FlexMold.Utility.TwinCathelper.Client_AdsNotification|Readed mPosition : 17.437378
2024-04-22 13:40:32.4094|TRACE|TwinCat|FlexMold.Utility.TwinCathelper.Client_AdsNotification|Readed mPosition : 17.639221
2024-04-22 13:40:32.6094|TRACE|TwinCat|FlexMold.Utility.TwinCathelper.Client_AdsNotification|Readed mPosition : 17.83844
2024-04-22 13:40:32.7364|TRACE|TwinCat|FlexMold.Utility.TwinCathelper.GetSlaveMachineState|Writing ECAbExecute : 1
2024-04-22 13:40:32.7482|TRACE|TwinCat|FlexMold.Utility.TwinCathelper.GetSlaveMachineState|Readed ECAbError : false
2024-04-22 13:40:32.7482|TRACE|TwinCat|FlexMold.Utility.TwinCathelper.GetSlaveMachineState|Readed ECAdevStates : "CAAIAA=="
2024-04-22 13:40:32.7482|TRACE|TwinCat|FlexMold.Utility.TwinCathelper.GetSlaveMachineState|Writing ECAbExecute : 0
2024-04-22 13:40:32.8088|TRACE|TwinCat|FlexMold.Utility.TwinCathelper.Client_AdsNotification|Readed mPosition : 18.038147
2024-04-22 13:40:33.0124|TRACE|TwinCat|FlexMold.Utility.TwinCathelper.Client_AdsNotification|Readed mPosition : 18.240479
2024-04-22 13:40:33.2093|TRACE|TwinCat|FlexMold.Utility.TwinCathelper.Client_AdsNotification|Readed mPosition : 18.43805
2024-04-22 13:40:33.4093|TRACE|TwinCat|FlexMold.Utility.TwinCathelper.Client_AdsNotification|Readed mPosition : 18.639587
2024-04-22 13:40:33.6095|TRACE|TwinCat|FlexMold.Utility.TwinCathelper.Client_AdsNotification|Readed mPosition : 18.834595
2024-04-22 13:40:33.8094|TRACE|TwinCat|FlexMold.Utility.TwinCathelper.Client_AdsNotification|Readed mPosition : 19.032837
2024-04-22 13:40:34.0094|TRACE|TwinCat|FlexMold.Utility.TwinCathelper.Client_AdsNotification|Readed mPosition : 19.234436
2024-04-22 13:40:34.2094|TRACE|TwinCat|FlexMold.Utility.TwinCathelper.Client_AdsNotification|Readed mPosition : 19.435913
2024-04-22 13:40:34.4093|TRACE|TwinCat|FlexMold.Utility.TwinCathelper.Client_AdsNotification|Readed mPosition : 19.633911
2024-04-22 13:40:34.6093|TRACE|TwinCat|FlexMold.Utility.TwinCathelper.Client_AdsNotification|Readed mPosition : 19.83374
2024-04-22 13:40:34.8091|TRACE|TwinCat|FlexMold.Utility.TwinCathelper.Client_AdsNotification|Readed mPosition : 19.975769
2024-04-22 13:40:34.8388|TRACE|TwinCat|FlexMold.Utility.TwinCathelper.Client_AdsNotification|Readed DeviceStatus : "BgAAAAYAAAA="
2024-04-22 13:40:34.8388|INFO|Device Status|FlexMold.MVVM.ViewModel.Home.MotorStatusViewmodel.Motor_DeviceStatusChanged|Motor_DeviceStatusChanged >>> CSVHelper.IsLastEventCalibr
2024-04-22 13:40:35.7605|TRACE|TwinCat|FlexMold.Utility.TwinCathelper.GetSlaveMachineState|Writing ECAbExecute : 1
2024-04-22 13:40:35.7605|TRACE|TwinCat|FlexMold.Utility.TwinCathelper.GetSlaveMachineState|Readed ECAbError : false
2024-04-22 13:40:35.7791|TRACE|TwinCat|FlexMold.Utility.TwinCathelper.GetSlaveMachineState|Readed ECAdevStates : "CAAIAA=="
2024-04-22 13:40:35.7791|TRACE|TwinCat|FlexMold.Utility.TwinCathelper.GetSlaveMachineState|Writing ECAbExecute : 0
2024-04-22 13:40:37.1713|INFO|MachineTest|FlexMold.MVVM.ViewModel.MachineTest.ResetViewModel.HardCalibrateProcess|HardCalibrateProcess Started successfully!
2024-04-22 13:40:37.1713|INFO|MachineTest|FlexMold.MVVM.ViewModel.MachineTest.ResetViewModel.CalibrateSeq02_HomeUp|CalibrateHard-WriteCSVData loop1:0 : 0,2  >> Direction: False  >> RampDlay: 2  >> MotorTime: 6,3334  >> mMode: Project
2024-04-22 13:40:37.1713|INFO|MachineTest|FlexMold.MVVM.ViewModel.MachineTest.ResetViewModel.CalibrateSeq02_HomeUp|CalibrateHard-WriteCSVData loop1:1 : 0,2  >> Direction: False  >> RampDlay: 2  >> MotorTime: 6,3334  >> mMode: Project
2024-04-22 13:40:37.1713|TRACE|TwinCat|FlexMold.Utility.TwinCathelper.WriteEthercatDeviceData|Writing SymbolEthercatDevice : "AAAAAAAAAADNzEw+NqvKQAAAAEAFAAAAAAAAAAAAAADNzEw+NqvKQAAAAEAFAAAA"
2024-04-22 13:40:37.1713|INFO|MachineTest|FlexMold.MVVM.ViewModel.MachineTest.ResetViewModel.CalibrateSeq02_HomeUp|2 CalibrateHard value(s) has been written sucessfully
2024-04-22 13:40:37.3750|TRACE|TwinCat|FlexMold.Utility.TwinCathelper.WriteEthercatDeviceData|Writing mDisplacement : "AAAAAA=="
2024-04-22 13:40:37.3750|TRACE|TwinCat|FlexMold.Utility.TwinCathelper.WriteEthercatDeviceData|Writing mDisplacement : "AAAAAA=="
2024-04-22 13:40:37.3750|INFO|MachineTest|FlexMold.MVVM.ViewModel.MachineTest.ResetViewModel.CalibrateSeq02_HomeUp|2 zero value(s) has been written sucessfully
2024-04-22 13:40:37.3750|INFO|MachineTest|FlexMold.MVVM.ViewModel.MachineTest.ResetViewModel.HardCalibrateProcess|HardCalibrateProcess Completed successfully!
2024-04-22 13:40:37.4089|TRACE|TwinCat|FlexMold.Utility.TwinCathelper.Client_AdsNotification|Readed mPosition : 0.0064697266
2024-04-22 13:40:37.6094|TRACE|TwinCat|FlexMold.Utility.TwinCathelper.Client_AdsNotification|Readed mPosition : 0.0072631836
2024-04-22 13:40:37.8094|TRACE|TwinCat|FlexMold.Utility.TwinCathelper.Client_AdsNotification|Readed mPosition : 0.009033203
2024-04-22 13:40:38.0094|TRACE|TwinCat|FlexMold.Utility.TwinCathelper.Client_AdsNotification|Readed mPosition : 0.011962891
2024-04-22 13:40:38.2095|TRACE|TwinCat|FlexMold.Utility.TwinCathelper.Client_AdsNotification|Readed mPosition : 0.015319824
2024-04-22 13:40:38.4094|TRACE|TwinCat|FlexMold.Utility.TwinCathelper.Client_AdsNotification|Readed mPosition : 0.018676758
2024-04-22 13:40:38.6094|TRACE|TwinCat|FlexMold.Utility.TwinCathelper.Client_AdsNotification|Readed mPosition : 0.023010254
2024-04-22 13:40:38.7904|TRACE|TwinCat|FlexMold.Utility.TwinCathelper.GetSlaveMachineState|Writing ECAbExecute : 1
2024-04-22 13:40:38.8043|TRACE|TwinCat|FlexMold.Utility.TwinCathelper.GetSlaveMachineState|Readed ECAbError : false
2024-04-22 13:40:38.8092|TRACE|TwinCat|FlexMold.Utility.TwinCathelper.Client_AdsNotification|Readed mPosition : 0.028259277
2024-04-22 13:40:38.8092|TRACE|TwinCat|FlexMold.Utility.TwinCathelper.GetSlaveMachineState|Readed ECAdevStates : "CAAIAA=="
2024-04-22 13:40:38.8092|TRACE|TwinCat|FlexMold.Utility.TwinCathelper.GetSlaveMachineState|Writing ECAbExecute : 0
2024-04-22 13:40:39.0093|TRACE|TwinCat|FlexMold.Utility.TwinCathelper.Client_AdsNotification|Readed mPosition : 0.034301758
2024-04-22 13:40:39.2092|TRACE|TwinCat|FlexMold.Utility.TwinCathelper.Client_AdsNotification|Readed mPosition : 0.040161133
2024-04-22 13:40:39.4096|TRACE|TwinCat|FlexMold.Utility.TwinCathelper.Client_AdsNotification|Readed mPosition : 0.051879883
2024-04-22 13:40:39.6096|TRACE|TwinCat|FlexMold.Utility.TwinCathelper.Client_AdsNotification|Readed mPosition : 0.062805176
2024-04-22 13:40:39.8092|TRACE|TwinCat|FlexMold.Utility.TwinCathelper.Client_AdsNotification|Readed mPosition : 0.07470703
2024-04-22 13:40:40.0086|TRACE|TwinCat|FlexMold.Utility.TwinCathelper.Client_AdsNotification|Readed mPosition : 0.08526611
2024-04-22 13:40:40.2088|TRACE|TwinCat|FlexMold.Utility.TwinCathelper.Client_AdsNotification|Readed mPosition : 0.09680176
2024-04-22 13:40:40.4093|TRACE|TwinCat|FlexMold.Utility.TwinCathelper.Client_AdsNotification|Readed mPosition : 0.10803223
2024-04-22 13:40:40.6094|TRACE|TwinCat|FlexMold.Utility.TwinCathelper.Client_AdsNotification|Readed mPosition : 0.119018555
2024-04-22 13:40:40.8091|TRACE|TwinCat|FlexMold.Utility.TwinCathelper.Client_AdsNotification|Readed mPosition : 0.1303711
2024-04-22 13:40:41.0090|TRACE|TwinCat|FlexMold.Utility.TwinCathelper.Client_AdsNotification|Readed mPosition : 0.14147949
2024-04-22 13:40:41.2093|TRACE|TwinCat|FlexMold.Utility.TwinCathelper.Client_AdsNotification|Readed mPosition : 0.15344238
2024-04-22 13:40:41.4089|TRACE|TwinCat|FlexMold.Utility.TwinCathelper.Client_AdsNotification|Readed mPosition : 0.1640625
2024-04-22 13:40:41.6093|TRACE|TwinCat|FlexMold.Utility.TwinCathelper.Client_AdsNotification|Readed mPosition : 0.17364502
2024-04-22 13:40:41.8094|TRACE|TwinCat|FlexMold.Utility.TwinCathelper.Client_AdsNotification|Readed mPosition : 0.17926025
2024-04-22 13:40:41.8094|TRACE|TwinCat|FlexMold.Utility.TwinCathelper.GetSlaveMachineState|Writing ECAbExecute : 1
2024-04-22 13:40:41.8233|TRACE|TwinCat|FlexMold.Utility.TwinCathelper.GetSlaveMachineState|Readed ECAbError : false
2024-04-22 13:40:41.8233|TRACE|TwinCat|FlexMold.Utility.TwinCathelper.GetSlaveMachineState|Readed ECAdevStates : "CAAIAA=="
2024-04-22 13:40:41.8233|TRACE|TwinCat|FlexMold.Utility.TwinCathelper.GetSlaveMachineState|Writing ECAbExecute : 0
2024-04-22 13:40:42.0119|TRACE|TwinCat|FlexMold.Utility.TwinCathelper.Client_AdsNotification|Readed mPosition : 0.18469238
2024-04-22 13:40:42.2086|TRACE|TwinCat|FlexMold.Utility.TwinCathelper.Client_AdsNotification|Readed mPosition : 0.18969727
2024-04-22 13:40:42.4089|TRACE|TwinCat|FlexMold.Utility.TwinCathelper.Client_AdsNotification|Readed mPosition : 0.19415283
2024-04-22 13:40:42.6093|TRACE|TwinCat|FlexMold.Utility.TwinCathelper.Client_AdsNotification|Readed mPosition : 0.19750977
2024-04-22 13:40:42.8094|TRACE|TwinCat|FlexMold.Utility.TwinCathelper.Client_AdsNotification|Readed mPosition : 0.2000122
2024-04-22 13:40:43.0088|TRACE|TwinCat|FlexMold.Utility.TwinCathelper.Client_AdsNotification|Readed mPosition : 0.20196533
2024-04-22 13:40:43.2095|TRACE|TwinCat|FlexMold.Utility.TwinCathelper.Client_AdsNotification|Readed mPosition : 0.20355225
2024-04-22 13:40:43.4087|TRACE|TwinCat|FlexMold.Utility.TwinCathelper.Client_AdsNotification|Readed mPosition : 0.20495605
2024-04-22 13:40:43.4387|TRACE|TwinCat|FlexMold.Utility.TwinCathelper.Client_AdsNotification|Readed DeviceStatus : "BwAAAAcAAAA="
2024-04-22 13:40:43.4387|INFO|Device Status|FlexMold.MVVM.ViewModel.Home.MotorStatusViewmodel.Motor_DeviceStatusChanged|Motor_DeviceStatusChanged >>> CSVHelper.IsLastEventCalibr
2024-04-22 13:40:43.6087|TRACE|TwinCat|FlexMold.Utility.TwinCathelper.Client_AdsNotification|Readed mPosition : 0.20495605
2024-04-22 13:40:44.8462|TRACE|TwinCat|FlexMold.Utility.TwinCathelper.GetSlaveMachineState|Writing ECAbExecute : 1
2024-04-22 13:40:44.8581|TRACE|TwinCat|FlexMold.Utility.TwinCathelper.GetSlaveMachineState|Readed ECAbError : false
2024-04-22 13:40:44.8581|TRACE|TwinCat|FlexMold.Utility.TwinCathelper.GetSlaveMachineState|Readed ECAdevStates : "CAAIAA=="
2024-04-22 13:40:44.8581|TRACE|TwinCat|FlexMold.Utility.TwinCathelper.GetSlaveMachineState|Writing ECAbExecute : 0
2024-04-22 13:40:47.8795|TRACE|TwinCat|FlexMold.Utility.TwinCathelper.GetSlaveMachineState|Writing ECAbExecute : 1
2024-04-22 13:40:47.8925|TRACE|TwinCat|FlexMold.Utility.TwinCathelper.GetSlaveMachineState|Readed ECAbError : false
2024-04-22 13:40:47.8925|TRACE|TwinCat|FlexMold.Utility.TwinCathelper.GetSlaveMachineState|Readed ECAdevStates : "CAAIAA=="
2024-04-22 13:40:47.9001|TRACE|TwinCat|FlexMold.Utility.TwinCathelper.GetSlaveMachineState|Writing ECAbExecute : 0
2024-04-22 13:40:50.9012|TRACE|TwinCat|FlexMold.Utility.TwinCathelper.GetSlaveMachineState|Writing ECAbExecute : 1
2024-04-22 13:40:50.9012|TRACE|TwinCat|FlexMold.Utility.TwinCathelper.GetSlaveMachineState|Readed ECAbError : false
2024-04-22 13:40:50.9181|TRACE|TwinCat|FlexMold.Utility.TwinCathelper.GetSlaveMachineState|Readed ECAdevStates : "CAAIAA=="
2024-04-22 13:40:50.9181|TRACE|TwinCat|FlexMold.Utility.TwinCathelper.GetSlaveMachineState|Writing ECAbExecute : 0
2024-04-22 13:40:53.9210|TRACE|TwinCat|FlexMold.Utility.TwinCathelper.GetSlaveMachineState|Writing ECAbExecute : 1
2024-04-22 13:40:53.9342|TRACE|TwinCat|FlexMold.Utility.TwinCathelper.GetSlaveMachineState|Readed ECAbError : false
2024-04-22 13:40:53.9342|TRACE|TwinCat|FlexMold.Utility.TwinCathelper.GetSlaveMachineState|Readed ECAdevStates : "CAAIAA=="
2024-04-22 13:40:53.9342|TRACE|TwinCat|FlexMold.Utility.TwinCathelper.GetSlaveMachineState|Writing ECAbExecute : 0
2024-04-22 13:40:55.9929|INFO|Browse Project Files|FlexMold.MVVM.ViewModel.Project.ProjectViewModel.BrowseProjectFiles|Loading Project Files Folder
2024-04-22 13:40:56.0240|INFO|Browse Project Files|FlexMold.MVVM.ViewModel.Project.ProjectViewModel.BrowseProjectFiles|1 Projects Found
2024-04-22 13:40:56.0240|INFO|Browse Project Files|FlexMold.MVVM.ViewModel.Project.ProjectViewModel.BrowseProjectFiles|3 Panels Found
2024-04-22 13:40:56.0240|INFO|Browse Project Files|FlexMold.MVVM.ViewModel.Project.ProjectViewModel.BrowseProjectFiles|9 Files Found
2024-04-22 13:40:56.9574|TRACE|TwinCat|FlexMold.Utility.TwinCathelper.GetSlaveMachineState|Writing ECAbExecute : 1
2024-04-22 13:40:56.9700|TRACE|TwinCat|FlexMold.Utility.TwinCathelper.GetSlaveMachineState|Readed ECAbError : false
2024-04-22 13:40:56.9782|TRACE|TwinCat|FlexMold.Utility.TwinCathelper.GetSlaveMachineState|Readed ECAdevStates : "CAAIAA=="
2024-04-22 13:40:56.9782|TRACE|TwinCat|FlexMold.Utility.TwinCathelper.GetSlaveMachineState|Writing ECAbExecute : 0
2024-04-22 13:40:58.0263|INFO|Browse Project Files|FlexMold.MVVM.ViewModel.Project.ProjectViewModel.BrowseProjectFiles|Loading Project Files Folder
2024-04-22 13:40:58.0419|INFO|Browse Project Files|FlexMold.MVVM.ViewModel.Project.ProjectViewModel.BrowseProjectFiles|1 Projects Found
2024-04-22 13:40:58.0419|INFO|Browse Project Files|FlexMold.MVVM.ViewModel.Project.ProjectViewModel.BrowseProjectFiles|3 Panels Found
2024-04-22 13:40:58.0419|INFO|Browse Project Files|FlexMold.MVVM.ViewModel.Project.ProjectViewModel.BrowseProjectFiles|10 Files Found
2024-04-22 13:41:00.0040|TRACE|TwinCat|FlexMold.Utility.TwinCathelper.GetSlaveMachineState|Writing ECAbExecute : 1
2024-04-22 13:41:00.0263|TRACE|TwinCat|FlexMold.Utility.TwinCathelper.GetSlaveMachineState|Readed ECAbError : false
2024-04-22 13:41:00.0263|TRACE|TwinCat|FlexMold.Utility.TwinCathelper.GetSlaveMachineState|Readed ECAdevStates : "CAAIAA=="
2024-04-22 13:41:00.0263|TRACE|TwinCat|FlexMold.Utility.TwinCathelper.GetSlaveMachineState|Writing ECAbExecute : 0
2024-04-22 13:41:01.5404|INFO|Project|FlexMold.MVVM.ViewModel.Project.ProjectViewModel.set_SelectedFile|C:\Users\Kurvatur\Desktop\FlexMold\FlexMold-Release042024v1\AppData\Resume\projectDenmark-P2.2.csv.Resume
2024-04-22 13:41:03.0341|TRACE|TwinCat|FlexMold.Utility.TwinCathelper.GetSlaveMachineState|Writing ECAbExecute : 1
2024-04-22 13:41:03.0473|TRACE|TwinCat|FlexMold.Utility.TwinCathelper.GetSlaveMachineState|Readed ECAbError : false
2024-04-22 13:41:03.0473|TRACE|TwinCat|FlexMold.Utility.TwinCathelper.GetSlaveMachineState|Readed ECAdevStates : "CAAIAA=="
2024-04-22 13:41:03.0473|TRACE|TwinCat|FlexMold.Utility.TwinCathelper.GetSlaveMachineState|Writing ECAbExecute : 0
2024-04-22 13:41:05.5080|INFO|Project|FlexMold.MVVM.ViewModel.Project.ProjectViewModel.set_SelectedFile|C:\Users\Kurvatur\Desktop\FlexMold\FlexMold-Release042024v1\AppData\Resume\projectDenmark-P2.2.csv.Resume
2024-04-22 13:41:06.0687|TRACE|TwinCat|FlexMold.Utility.TwinCathelper.GetSlaveMachineState|Writing ECAbExecute : 1
2024-04-22 13:41:06.0789|TRACE|TwinCat|FlexMold.Utility.TwinCathelper.GetSlaveMachineState|Readed ECAbError : false
2024-04-22 13:41:06.0789|TRACE|TwinCat|FlexMold.Utility.TwinCathelper.GetSlaveMachineState|Readed ECAdevStates : "CAAIAA=="
2024-04-22 13:41:06.0789|TRACE|TwinCat|FlexMold.Utility.TwinCathelper.GetSlaveMachineState|Writing ECAbExecute : 0
2024-04-22 13:41:06.8080|INFO|Project|FlexMold.MVVM.ViewModel.Project.ProjectViewModel.set_SelectedFile|C:\Users\Kurvatur\Desktop\FlexMold\FlexMold-Release042024v1\AppData\Resume\projectDenmark-P2.2.csv.Resume
2024-04-22 13:41:09.0765|TRACE|TwinCat|FlexMold.Utility.TwinCathelper.GetSlaveMachineState|Writing ECAbExecute : 1
2024-04-22 13:41:09.0896|TRACE|TwinCat|FlexMold.Utility.TwinCathelper.GetSlaveMachineState|Readed ECAbError : false
2024-04-22 13:41:09.0896|TRACE|TwinCat|FlexMold.Utility.TwinCathelper.GetSlaveMachineState|Readed ECAdevStates : "CAAIAA=="
2024-04-22 13:41:09.0896|TRACE|TwinCat|FlexMold.Utility.TwinCathelper.GetSlaveMachineState|Writing ECAbExecute : 0
2024-04-22 13:41:12.1109|TRACE|TwinCat|FlexMold.Utility.TwinCathelper.GetSlaveMachineState|Writing ECAbExecute : 1
2024-04-22 13:41:12.1273|TRACE|TwinCat|FlexMold.Utility.TwinCathelper.GetSlaveMachineState|Readed ECAbError : false
2024-04-22 13:41:12.1273|TRACE|TwinCat|FlexMold.Utility.TwinCathelper.GetSlaveMachineState|Readed ECAdevStates : "CAAIAA=="
2024-04-22 13:41:12.1273|TRACE|TwinCat|FlexMold.Utility.TwinCathelper.GetSlaveMachineState|Writing ECAbExecute : 0
2024-04-22 13:41:15.1393|TRACE|TwinCat|FlexMold.Utility.TwinCathelper.GetSlaveMachineState|Writing ECAbExecute : 1
2024-04-22 13:41:15.1511|TRACE|TwinCat|FlexMold.Utility.TwinCathelper.GetSlaveMachineState|Readed ECAbError : false
2024-04-22 13:41:15.1511|TRACE|TwinCat|FlexMold.Utility.TwinCathelper.GetSlaveMachineState|Readed ECAdevStates : "CAAIAA=="
2024-04-22 13:41:15.1511|TRACE|TwinCat|FlexMold.Utility.TwinCathelper.GetSlaveMachineState|Writing ECAbExecute : 0
2024-04-22 13:41:15.5742|INFO|MachineTest|FlexMold.MVVM.ViewModel.MachineTest.ResetViewModel.GetHomingProcess|Getting Homming data started!
2024-04-22 13:41:15.5742|INFO|Motor Setting|FlexMold.MVVM.ViewModel.Setting.MotorSettingViewModel.LoadMotorSettingsDB|Starting to search motors from 
2024-04-22 13:41:15.5742|INFO|MachineTest|FlexMold.MVVM.ViewModel.MachineTest.ResetViewModel.GetHomingProcess|Getting Homming data ended!
2024-04-22 13:41:18.1551|TRACE|TwinCat|FlexMold.Utility.TwinCathelper.GetSlaveMachineState|Writing ECAbExecute : 1
2024-04-22 13:41:18.1673|TRACE|TwinCat|FlexMold.Utility.TwinCathelper.GetSlaveMachineState|Readed ECAbError : false
2024-04-22 13:41:18.1673|TRACE|TwinCat|FlexMold.Utility.TwinCathelper.GetSlaveMachineState|Readed ECAdevStates : "CAAIAA=="
2024-04-22 13:41:18.1673|TRACE|TwinCat|FlexMold.Utility.TwinCathelper.GetSlaveMachineState|Writing ECAbExecute : 0
2024-04-22 13:41:21.1737|TRACE|TwinCat|FlexMold.Utility.TwinCathelper.GetSlaveMachineState|Writing ECAbExecute : 1
2024-04-22 13:41:21.1863|TRACE|TwinCat|FlexMold.Utility.TwinCathelper.GetSlaveMachineState|Readed ECAbError : false
2024-04-22 13:41:21.1863|TRACE|TwinCat|FlexMold.Utility.TwinCathelper.GetSlaveMachineState|Readed ECAdevStates : "CAAIAA=="
2024-04-22 13:41:21.1863|TRACE|TwinCat|FlexMold.Utility.TwinCathelper.GetSlaveMachineState|Writing ECAbExecute : 0
2024-04-22 13:41:24.1975|TRACE|TwinCat|FlexMold.Utility.TwinCathelper.GetSlaveMachineState|Writing ECAbExecute : 1
2024-04-22 13:41:24.1975|TRACE|TwinCat|FlexMold.Utility.TwinCathelper.GetSlaveMachineState|Readed ECAbError : false
2024-04-22 13:41:24.2164|TRACE|TwinCat|FlexMold.Utility.TwinCathelper.GetSlaveMachineState|Readed ECAdevStates : "CAAIAA=="
2024-04-22 13:41:24.2164|TRACE|TwinCat|FlexMold.Utility.TwinCathelper.GetSlaveMachineState|Writing ECAbExecute : 0
2024-04-22 13:41:27.2165|TRACE|TwinCat|FlexMold.Utility.TwinCathelper.GetSlaveMachineState|Writing ECAbExecute : 1
2024-04-22 13:41:27.2284|TRACE|TwinCat|FlexMold.Utility.TwinCathelper.GetSlaveMachineState|Readed ECAbError : false
2024-04-22 13:41:27.2284|TRACE|TwinCat|FlexMold.Utility.TwinCathelper.GetSlaveMachineState|Readed ECAdevStates : "CAAIAA=="
2024-04-22 13:41:27.2284|TRACE|TwinCat|FlexMold.Utility.TwinCathelper.GetSlaveMachineState|Writing ECAbExecute : 0
2024-04-22 13:41:28.4313|INFO|MachineTest|FlexMold.MVVM.ViewModel.MachineTest.ResetViewModel.UpdateHomingProcess|Update Homing started!
2024-04-22 13:41:28.4320|INFO|MachineTest|FlexMold.MVVM.ViewModel.MachineTest.ResetViewModel.UpdateHomingProcess|chkMotorInput11 chkMotorInput>>>>2---Motor 0:=0
2024-04-22 13:41:28.4320|INFO|MachineTest|FlexMold.MVVM.ViewModel.MachineTest.ResetViewModel.UpdateHomingProcess|chkMotorInput chkMotorInput>>>>0
2024-04-22 13:41:28.4320|INFO|MachineTest|FlexMold.MVVM.ViewModel.MachineTest.ResetViewModel.UpdateHomingProcess|chkMotorInput chkMotorInput>>>>0
2024-04-22 13:41:28.4320|INFO|Motor Setting|FlexMold.MVVM.ViewModel.Setting.MotorSettingViewModel.UpdateMotorSettingsDB|Successfully Updated Motor settings
2024-04-22 13:41:28.4320|INFO|Motor Setting|FlexMold.MVVM.ViewModel.Setting.MotorSettingViewModel.LoadMotorSettingsDB|Starting to search motors from 
2024-04-22 13:41:28.4544|INFO|MachineTest|FlexMold.MVVM.ViewModel.MachineTest.ResetViewModel.UpdateHomingProcess|Successfully updated homing data!
2024-04-22 13:41:30.2462|TRACE|TwinCat|FlexMold.Utility.TwinCathelper.GetSlaveMachineState|Writing ECAbExecute : 1
2024-04-22 13:41:30.2462|TRACE|TwinCat|FlexMold.Utility.TwinCathelper.GetSlaveMachineState|Readed ECAbError : false
2024-04-22 13:41:30.2640|TRACE|TwinCat|FlexMold.Utility.TwinCathelper.GetSlaveMachineState|Readed ECAdevStates : "CAAIAA=="
2024-04-22 13:41:30.2640|TRACE|TwinCat|FlexMold.Utility.TwinCathelper.GetSlaveMachineState|Writing ECAbExecute : 0
2024-04-22 13:41:33.2651|TRACE|TwinCat|FlexMold.Utility.TwinCathelper.GetSlaveMachineState|Writing ECAbExecute : 1
2024-04-22 13:41:33.2775|TRACE|TwinCat|FlexMold.Utility.TwinCathelper.GetSlaveMachineState|Readed ECAbError : false
2024-04-22 13:41:33.2775|TRACE|TwinCat|FlexMold.Utility.TwinCathelper.GetSlaveMachineState|Readed ECAdevStates : "CAAIAA=="
2024-04-22 13:41:33.2775|TRACE|TwinCat|FlexMold.Utility.TwinCathelper.GetSlaveMachineState|Writing ECAbExecute : 0
2024-04-22 13:41:33.8090|INFO|Project|FlexMold.MVVM.ViewModel.Project.ProjectViewModel.set_SelectedFile|C:\Users\Kurvatur\Desktop\FlexMold\FlexMold-Release042024v1\AppData\Resume\projectDenmark-P2.2.csv.Resume
2024-04-22 13:41:36.2857|TRACE|TwinCat|FlexMold.Utility.TwinCathelper.GetSlaveMachineState|Writing ECAbExecute : 1
2024-04-22 13:41:36.2984|TRACE|TwinCat|FlexMold.Utility.TwinCathelper.GetSlaveMachineState|Readed ECAbError : false
2024-04-22 13:41:36.2984|TRACE|TwinCat|FlexMold.Utility.TwinCathelper.GetSlaveMachineState|Readed ECAdevStates : "CAAIAA=="
2024-04-22 13:41:36.2984|TRACE|TwinCat|FlexMold.Utility.TwinCathelper.GetSlaveMachineState|Writing ECAbExecute : 0
2024-04-22 13:41:39.3084|TRACE|TwinCat|FlexMold.Utility.TwinCathelper.GetSlaveMachineState|Writing ECAbExecute : 1
2024-04-22 13:41:39.3084|TRACE|TwinCat|FlexMold.Utility.TwinCathelper.GetSlaveMachineState|Readed ECAbError : false
2024-04-22 13:41:39.3263|TRACE|TwinCat|FlexMold.Utility.TwinCathelper.GetSlaveMachineState|Readed ECAdevStates : "CAAIAA=="
2024-04-22 13:41:39.3263|TRACE|TwinCat|FlexMold.Utility.TwinCathelper.GetSlaveMachineState|Writing ECAbExecute : 0
2024-04-22 13:41:42.3235|TRACE|TwinCat|FlexMold.Utility.TwinCathelper.GetSlaveMachineState|Writing ECAbExecute : 1
2024-04-22 13:41:42.3235|TRACE|TwinCat|FlexMold.Utility.TwinCathelper.GetSlaveMachineState|Readed ECAbError : false
2024-04-22 13:41:42.3412|TRACE|TwinCat|FlexMold.Utility.TwinCathelper.GetSlaveMachineState|Readed ECAdevStates : "CAAIAA=="
2024-04-22 13:41:42.3412|TRACE|TwinCat|FlexMold.Utility.TwinCathelper.GetSlaveMachineState|Writing ECAbExecute : 0
2024-04-22 13:41:44.7274|INFO|Motor Setting|FlexMold.MVVM.ViewModel.Setting.MotorSettingViewModel.LoadMotorSettingsDB|Starting to search motors from 
2024-04-22 13:41:44.7322|INFO|CSVHelper|FlexMold.Utility.CSVHelper.ReadCSV_DoubleData|Reading CSV File P2.2.csv
2024-04-22 13:41:44.7322|INFO|CSVHelper|FlexMold.Utility.CSVHelper.ReadCSV_DoubleData|CSV data : [10.0,10.0]
2024-04-22 13:41:44.7322|INFO|Project|FlexMold.MVVM.ViewModel.Project.ProjectViewModel.RecommendedRPM|New MotortimeSet >>>>>>>>>>>>>6,6666665
2024-04-22 13:41:44.7322|INFO|Project|FlexMold.MVVM.ViewModel.Project.ProjectViewModel.CSVSend|Selected Direction : Clockwise
2024-04-22 13:41:44.7322|INFO|Project|FlexMold.MVVM.ViewModel.Project.ProjectViewModel.WriteCSVData|WriteCSVData loop1:0 : 10  >> Direction: False  >> RampDlay: 2  >> MotorTime: 6,6666665  >> mMode: Project
2024-04-22 13:41:44.7322|INFO|Project|FlexMold.MVVM.ViewModel.Project.ProjectViewModel.WriteCSVData|WriteCSVData loop1:1 : 10  >> Direction: False  >> RampDlay: 2  >> MotorTime: 6,6666665  >> mMode: Project
2024-04-22 13:41:44.7322|TRACE|TwinCat|FlexMold.Utility.TwinCathelper.WriteEthercatDeviceData|Writing SymbolEthercatDevice : "AAAAAAAAAAAAACBBVVXVQAAAAEAFAAAAAAAAAAAAAAAAACBBVVXVQAAAAEAFAAAA"
2024-04-22 13:41:44.7322|INFO|Project|FlexMold.MVVM.ViewModel.Project.ProjectViewModel.WriteCSVData|2 csv value(s) has been written sucessfully
2024-04-22 13:41:44.8095|TRACE|TwinCat|FlexMold.Utility.TwinCathelper.Client_AdsNotification|Readed mPosition : 0.20874023
2024-04-22 13:41:44.9403|TRACE|TwinCat|FlexMold.Utility.TwinCathelper.WriteEthercatDeviceData|Writing mDisplacement : "AAAAAA=="
2024-04-22 13:41:44.9403|TRACE|TwinCat|FlexMold.Utility.TwinCathelper.WriteEthercatDeviceData|Writing mDisplacement : "AAAAAA=="
2024-04-22 13:41:44.9403|INFO|Project|FlexMold.MVVM.ViewModel.Project.ProjectViewModel.WriteCSVData|2 zero value(s) has been written sucessfully
2024-04-22 13:41:45.0089|TRACE|TwinCat|FlexMold.Utility.TwinCathelper.Client_AdsNotification|Readed mPosition : 0.2421875
2024-04-22 13:41:45.2089|TRACE|TwinCat|FlexMold.Utility.TwinCathelper.Client_AdsNotification|Readed mPosition : 0.30725098
2024-04-22 13:41:45.3514|TRACE|TwinCat|FlexMold.Utility.TwinCathelper.GetSlaveMachineState|Writing ECAbExecute : 1
2024-04-22 13:41:45.3633|TRACE|TwinCat|FlexMold.Utility.TwinCathelper.GetSlaveMachineState|Readed ECAbError : false
2024-04-22 13:41:45.3695|TRACE|TwinCat|FlexMold.Utility.TwinCathelper.GetSlaveMachineState|Readed ECAdevStates : "CAAIAA=="
2024-04-22 13:41:45.3695|TRACE|TwinCat|FlexMold.Utility.TwinCathelper.GetSlaveMachineState|Writing ECAbExecute : 0
2024-04-22 13:41:45.4093|TRACE|TwinCat|FlexMold.Utility.TwinCathelper.Client_AdsNotification|Readed mPosition : 0.40222168
2024-04-22 13:41:45.6093|TRACE|TwinCat|FlexMold.Utility.TwinCathelper.Client_AdsNotification|Readed mPosition : 0.52386475
2024-04-22 13:41:45.8094|TRACE|TwinCat|FlexMold.Utility.TwinCathelper.Client_AdsNotification|Readed mPosition : 0.67926025
2024-04-22 13:41:46.0096|TRACE|TwinCat|FlexMold.Utility.TwinCathelper.Client_AdsNotification|Readed mPosition : 0.86187744
2024-04-22 13:41:46.2087|TRACE|TwinCat|FlexMold.Utility.TwinCathelper.Client_AdsNotification|Readed mPosition : 1.0745239
2024-04-22 13:41:46.4093|TRACE|TwinCat|FlexMold.Utility.TwinCathelper.Client_AdsNotification|Readed mPosition : 1.3150635
2024-04-22 13:41:46.6087|TRACE|TwinCat|FlexMold.Utility.TwinCathelper.Client_AdsNotification|Readed mPosition : 1.5906982
2024-04-22 13:41:46.8093|TRACE|TwinCat|FlexMold.Utility.TwinCathelper.Client_AdsNotification|Readed mPosition : 1.9145508
2024-04-22 13:41:47.0172|TRACE|TwinCat|FlexMold.Utility.TwinCathelper.Client_AdsNotification|Readed mPosition : 2.4071045
2024-04-22 13:41:47.2094|TRACE|TwinCat|FlexMold.Utility.TwinCathelper.Client_AdsNotification|Readed mPosition : 2.906433
2024-04-22 13:41:47.4093|TRACE|TwinCat|FlexMold.Utility.TwinCathelper.Client_AdsNotification|Readed mPosition : 3.4102783
2024-04-22 13:41:47.6092|TRACE|TwinCat|FlexMold.Utility.TwinCathelper.Client_AdsNotification|Readed mPosition : 3.9094849
2024-04-22 13:41:47.8099|TRACE|TwinCat|FlexMold.Utility.TwinCathelper.Client_AdsNotification|Readed mPosition : 4.404297
2024-04-22 13:41:48.0091|TRACE|TwinCat|FlexMold.Utility.TwinCathelper.Client_AdsNotification|Readed mPosition : 4.8999023
2024-04-22 13:41:48.2091|TRACE|TwinCat|FlexMold.Utility.TwinCathelper.Client_AdsNotification|Readed mPosition : 5.4000244
2024-04-22 13:41:48.3752|TRACE|TwinCat|FlexMold.Utility.TwinCathelper.GetSlaveMachineState|Writing ECAbExecute : 1
2024-04-22 13:41:48.3873|TRACE|TwinCat|FlexMold.Utility.TwinCathelper.GetSlaveMachineState|Readed ECAbError : false
2024-04-22 13:41:48.3873|TRACE|TwinCat|FlexMold.Utility.TwinCathelper.GetSlaveMachineState|Readed ECAdevStates : "CAAIAA=="
2024-04-22 13:41:48.3873|TRACE|TwinCat|FlexMold.Utility.TwinCathelper.GetSlaveMachineState|Writing ECAbExecute : 0
2024-04-22 13:41:48.4091|TRACE|TwinCat|FlexMold.Utility.TwinCathelper.Client_AdsNotification|Readed mPosition : 5.8931274
2024-04-22 13:41:48.6094|TRACE|TwinCat|FlexMold.Utility.TwinCathelper.Client_AdsNotification|Readed mPosition : 6.399109
2024-04-22 13:41:48.8094|TRACE|TwinCat|FlexMold.Utility.TwinCathelper.Client_AdsNotification|Readed mPosition : 6.897888
2024-04-22 13:41:49.0095|TRACE|TwinCat|FlexMold.Utility.TwinCathelper.Client_AdsNotification|Readed mPosition : 7.3970947
2024-04-22 13:41:49.2094|TRACE|TwinCat|FlexMold.Utility.TwinCathelper.Client_AdsNotification|Readed mPosition : 7.8884277
2024-04-22 13:41:49.4093|TRACE|TwinCat|FlexMold.Utility.TwinCathelper.Client_AdsNotification|Readed mPosition : 8.388672
2024-04-22 13:41:49.6094|TRACE|TwinCat|FlexMold.Utility.TwinCathelper.Client_AdsNotification|Readed mPosition : 8.755615
2024-04-22 13:41:49.8095|TRACE|TwinCat|FlexMold.Utility.TwinCathelper.Client_AdsNotification|Readed mPosition : 9.027649
2024-04-22 13:41:50.0093|TRACE|TwinCat|FlexMold.Utility.TwinCathelper.Client_AdsNotification|Readed mPosition : 9.279724
2024-04-22 13:41:50.2093|TRACE|TwinCat|FlexMold.Utility.TwinCathelper.Client_AdsNotification|Readed mPosition : 9.501404
2024-04-22 13:41:50.4094|TRACE|TwinCat|FlexMold.Utility.TwinCathelper.Client_AdsNotification|Readed mPosition : 9.692749
2024-04-22 13:41:50.6093|TRACE|TwinCat|FlexMold.Utility.TwinCathelper.Client_AdsNotification|Readed mPosition : 9.850525
2024-04-22 13:41:50.8096|TRACE|TwinCat|FlexMold.Utility.TwinCathelper.Client_AdsNotification|Readed mPosition : 9.980957
2024-04-22 13:41:51.0094|TRACE|TwinCat|FlexMold.Utility.TwinCathelper.Client_AdsNotification|Readed mPosition : 10.0802
2024-04-22 13:41:51.2087|TRACE|TwinCat|FlexMold.Utility.TwinCathelper.Client_AdsNotification|Readed mPosition : 10.152771
2024-04-22 13:41:51.4087|TRACE|TwinCat|FlexMold.Utility.TwinCathelper.Client_AdsNotification|Readed mPosition : 10.194458
2024-04-22 13:41:51.4235|TRACE|TwinCat|FlexMold.Utility.TwinCathelper.GetSlaveMachineState|Writing ECAbExecute : 1
2024-04-22 13:41:51.4320|TRACE|TwinCat|FlexMold.Utility.TwinCathelper.GetSlaveMachineState|Readed ECAbError : false
2024-04-22 13:41:51.4320|TRACE|TwinCat|FlexMold.Utility.TwinCathelper.GetSlaveMachineState|Readed ECAdevStates : "CAAIAA=="
2024-04-22 13:41:51.4320|TRACE|TwinCat|FlexMold.Utility.TwinCathelper.GetSlaveMachineState|Writing ECAbExecute : 0
2024-04-22 13:41:51.6087|TRACE|TwinCat|FlexMold.Utility.TwinCathelper.Client_AdsNotification|Readed mPosition : 10.203552
2024-04-22 13:41:54.4366|TRACE|TwinCat|FlexMold.Utility.TwinCathelper.GetSlaveMachineState|Writing ECAbExecute : 1
2024-04-22 13:41:54.4495|TRACE|TwinCat|FlexMold.Utility.TwinCathelper.GetSlaveMachineState|Readed ECAbError : false
2024-04-22 13:41:54.4495|TRACE|TwinCat|FlexMold.Utility.TwinCathelper.GetSlaveMachineState|Readed ECAdevStates : "CAAIAA=="
2024-04-22 13:41:54.4495|TRACE|TwinCat|FlexMold.Utility.TwinCathelper.GetSlaveMachineState|Writing ECAbExecute : 0
2024-04-22 13:41:57.4502|TRACE|TwinCat|FlexMold.Utility.TwinCathelper.GetSlaveMachineState|Writing ECAbExecute : 1
2024-04-22 13:41:57.4502|TRACE|TwinCat|FlexMold.Utility.TwinCathelper.GetSlaveMachineState|Readed ECAbError : false
2024-04-22 13:41:57.4660|TRACE|TwinCat|FlexMold.Utility.TwinCathelper.GetSlaveMachineState|Readed ECAdevStates : "CAAIAA=="
2024-04-22 13:41:57.4660|TRACE|TwinCat|FlexMold.Utility.TwinCathelper.GetSlaveMachineState|Writing ECAbExecute : 0
2024-04-22 13:42:00.2719|INFO|Project|FlexMold.MVVM.ViewModel.Project.ProjectViewModel.set_SelectedFile|C:\Users\Kurvatur\Desktop\FlexMold\FlexMold-Release042024v1\AppData\Resume\projectDenmark-P2.2.csv.Resume
2024-04-22 13:42:00.4641|TRACE|TwinCat|FlexMold.Utility.TwinCathelper.GetSlaveMachineState|Writing ECAbExecute : 1
2024-04-22 13:42:00.4641|TRACE|TwinCat|FlexMold.Utility.TwinCathelper.GetSlaveMachineState|Readed ECAbError : false
2024-04-22 13:42:00.4801|TRACE|TwinCat|FlexMold.Utility.TwinCathelper.GetSlaveMachineState|Readed ECAdevStates : "CAAIAA=="
2024-04-22 13:42:00.4801|TRACE|TwinCat|FlexMold.Utility.TwinCathelper.GetSlaveMachineState|Writing ECAbExecute : 0
2024-04-22 13:42:01.6172|INFO|Motor Setting|FlexMold.MVVM.ViewModel.Setting.MotorSettingViewModel.LoadMotorSettingsDB|Starting to search motors from 
2024-04-22 13:42:01.6205|INFO|Project|FlexMold.MVVM.ViewModel.Project.ProjectViewModel.HomeTrigger|Offset Data exist >>>0~0
2024-04-22 13:42:01.6205|INFO|Project|FlexMold.MVVM.ViewModel.Project.ProjectViewModel.HomeTrigger|0~0
2024-04-22 13:42:01.6205|INFO|Project|FlexMold.MVVM.ViewModel.Project.ProjectViewModel.RecommendedRPM|New MotortimeSet >>>>>>>>>>>>>6,802368
2024-04-22 13:42:01.6205|INFO|Project|FlexMold.MVVM.ViewModel.Project.ProjectViewModel.HomeTrigger|HOME_writeCV:0 : 10,203552  >> Direction: True  >> RampDlay: 2  >> MotorTime: 6,802368  >> mMode: 5
2024-04-22 13:42:01.6205|INFO|Project|FlexMold.MVVM.ViewModel.Project.ProjectViewModel.RecommendedRPM|New MotortimeSet >>>>>>>>>>>>>6,802368
2024-04-22 13:42:01.6205|INFO|Project|FlexMold.MVVM.ViewModel.Project.ProjectViewModel.HomeTrigger|HOME_writeCV:1 : 10,19928  >> Direction: True  >> RampDlay: 2  >> MotorTime: 6,802368  >> mMode: 5
2024-04-22 13:42:03.4872|TRACE|TwinCat|FlexMold.Utility.TwinCathelper.GetSlaveMachineState|Writing ECAbExecute : 1
2024-04-22 13:42:03.4962|TRACE|TwinCat|FlexMold.Utility.TwinCathelper.GetSlaveMachineState|Readed ECAbError : false
2024-04-22 13:42:03.4962|TRACE|TwinCat|FlexMold.Utility.TwinCathelper.GetSlaveMachineState|Readed ECAdevStates : "CAAIAA=="
2024-04-22 13:42:03.4962|TRACE|TwinCat|FlexMold.Utility.TwinCathelper.GetSlaveMachineState|Writing ECAbExecute : 0
2024-04-22 13:42:03.5419|TRACE|TwinCat|FlexMold.Utility.TwinCathelper.WriteEthercatDeviceData|Writing SymbolEthercatDevice : "AQAAAAAAAADAQSNBAB6RQAAAAEAFAAAAAQAAAAAAAABAMCNBAB6RQAAAAEAFAAAA"
2024-04-22 13:42:03.5419|INFO|Project|FlexMold.MVVM.ViewModel.Project.ProjectViewModel.HomeTrigger|2 Home value(s) has been written sucessfully
2024-04-22 13:42:03.6088|TRACE|TwinCat|FlexMold.Utility.TwinCathelper.Client_AdsNotification|Readed mPosition : 10.202637
2024-04-22 13:42:03.7450|TRACE|TwinCat|FlexMold.Utility.TwinCathelper.WriteEthercatDeviceData|Writing mDisplacement : "AAAAAA=="
2024-04-22 13:42:03.7450|TRACE|TwinCat|FlexMold.Utility.TwinCathelper.WriteEthercatDeviceData|Writing mDisplacement : "AAAAAA=="
2024-04-22 13:42:03.7450|INFO|Project|FlexMold.MVVM.ViewModel.Project.ProjectViewModel.HomeTrigger|2 zero value(s) has been written sucessfully
2024-04-22 13:42:03.8093|TRACE|TwinCat|FlexMold.Utility.TwinCathelper.Client_AdsNotification|Readed mPosition : 10.151794
2024-04-22 13:42:04.0095|TRACE|TwinCat|FlexMold.Utility.TwinCathelper.Client_AdsNotification|Readed mPosition : 10.054932
2024-04-22 13:42:04.2093|TRACE|TwinCat|FlexMold.Utility.TwinCathelper.Client_AdsNotification|Readed mPosition : 9.91687
2024-04-22 13:42:04.4094|TRACE|TwinCat|FlexMold.Utility.TwinCathelper.Client_AdsNotification|Readed mPosition : 9.732422
2024-04-22 13:42:04.6093|TRACE|TwinCat|FlexMold.Utility.TwinCathelper.Client_AdsNotification|Readed mPosition : 9.499207
2024-04-22 13:42:04.8094|TRACE|TwinCat|FlexMold.Utility.TwinCathelper.Client_AdsNotification|Readed mPosition : 9.227356
2024-04-22 13:42:05.0095|TRACE|TwinCat|FlexMold.Utility.TwinCathelper.Client_AdsNotification|Readed mPosition : 8.908081
2024-04-22 13:42:05.2093|TRACE|TwinCat|FlexMold.Utility.TwinCathelper.Client_AdsNotification|Readed mPosition : 8.545105
2024-04-22 13:42:05.4091|TRACE|TwinCat|FlexMold.Utility.TwinCathelper.Client_AdsNotification|Readed mPosition : 8.141785
2024-04-22 13:42:05.6092|TRACE|TwinCat|FlexMold.Utility.TwinCathelper.Client_AdsNotification|Readed mPosition : 7.7280273
2024-04-22 13:42:05.8090|TRACE|TwinCat|FlexMold.Utility.TwinCathelper.Client_AdsNotification|Readed mPosition : 7.6552734
2024-04-22 13:42:06.0094|TRACE|TwinCat|FlexMold.Utility.TwinCathelper.Client_AdsNotification|Readed mPosition : 7.600952
2024-04-22 13:42:06.4993|TRACE|TwinCat|FlexMold.Utility.TwinCathelper.GetSlaveMachineState|Writing ECAbExecute : 1
2024-04-22 13:42:06.5204|TRACE|TwinCat|FlexMold.Utility.TwinCathelper.GetSlaveMachineState|Readed ECAbError : false
2024-04-22 13:42:06.5260|TRACE|TwinCat|FlexMold.Utility.TwinCathelper.GetSlaveMachineState|Readed ECAdevStates : "CAAIAA=="
2024-04-22 13:42:06.5260|TRACE|TwinCat|FlexMold.Utility.TwinCathelper.GetSlaveMachineState|Writing ECAbExecute : 0
2024-04-22 13:42:09.5414|TRACE|TwinCat|FlexMold.Utility.TwinCathelper.GetSlaveMachineState|Writing ECAbExecute : 1
2024-04-22 13:42:09.5414|TRACE|TwinCat|FlexMold.Utility.TwinCathelper.GetSlaveMachineState|Readed ECAbError : false
2024-04-22 13:42:09.5414|TRACE|TwinCat|FlexMold.Utility.TwinCathelper.GetSlaveMachineState|Readed ECAdevStates : "AQEBAQ=="
2024-04-22 13:42:09.5414|WARN|Machine Link Status|FlexMold.MVVM.ViewModel.Home.MachineDetailViewModel.DispLinkStatus|Box_0 --> Link State EC_LINK_STATE_NOT_PRESENT
2024-04-22 13:42:09.5414|WARN|Machine Link Status|FlexMold.MVVM.ViewModel.Home.MachineDetailViewModel.DispLinkStatus|Box_1 --> Link State EC_LINK_STATE_NOT_PRESENT
2024-04-22 13:42:09.5414|TRACE|TwinCat|FlexMold.Utility.TwinCathelper.WriteEthercatDeviceData|Writing mMode : "BAAAAA=="
2024-04-22 13:42:09.5414|TRACE|TwinCat|FlexMold.Utility.TwinCathelper.WriteEthercatDeviceData|Writing mMode : "BAAAAA=="
2024-04-22 13:42:09.5582|WARN|Machine Link Status|FlexMold.Utility.TwinCathelper.SetAbortMode|Device Mode Changed to : Abort This is an Abort Command
2024-04-22 13:42:09.5582|ERROR|State Machine Status|FlexMold.MVVM.ViewModel.Home.MachineDetailViewModel.DispStateMachine|Box_0 --> State Machine EC_DEVICE_STATE_INIT
2024-04-22 13:42:09.5582|ERROR|State Machine Status|FlexMold.MVVM.ViewModel.Home.MachineDetailViewModel.DispStateMachine|Box_1 --> State Machine EC_DEVICE_STATE_INIT
2024-04-22 13:42:09.5582|TRACE|TwinCat|FlexMold.Utility.TwinCathelper.WriteEthercatDeviceData|Writing mMode : "BAAAAA=="
2024-04-22 13:42:09.5582|TRACE|TwinCat|FlexMold.Utility.TwinCathelper.WriteEthercatDeviceData|Writing mMode : "BAAAAA=="
2024-04-22 13:42:09.5582|WARN|State Machine Status|FlexMold.Utility.TwinCathelper.SetAbortMode|Device Mode Changed to : Abort This is an Abort Command
2024-04-22 13:42:09.5582|TRACE|TwinCat|FlexMold.Utility.TwinCathelper.GetSlaveMachineState|Writing ECAbExecute : 0
2024-04-22 13:42:10.5640|INFO|Motor Setting|FlexMold.MVVM.ViewModel.Setting.MotorSettingViewModel.LoadMotorSettingsDB|Starting to search motors from 
2024-04-22 13:42:10.5640|INFO|CSVHelper|FlexMold.Utility.CSVHelper.ReadCSV_DoubleData|Reading CSV File P2.2.csv
2024-04-22 13:42:10.5720|INFO|CSVHelper|FlexMold.Utility.CSVHelper.ReadCSV_DoubleData|CSV data : [10.0,10.0]
2024-04-22 13:42:10.5720|INFO|Project|FlexMold.MVVM.ViewModel.Project.ProjectViewModel.StopProcess_WriteCSVData|Saving CSV/Motors data for Resume Process
2024-04-22 13:42:10.5720|INFO|Project|FlexMold.MVVM.ViewModel.Project.ProjectViewModel.StopProcess_WriteCSVData|Saving CSV/Motors data for Resume Process, Completed!
2024-04-22 13:42:10.5720|INFO|Motor Setting|FlexMold.MVVM.ViewModel.Setting.MotorSettingViewModel.LoadMotorSettingsDB|Starting to search motors from 
2024-04-22 13:42:10.6014|INFO|Motor Setting|FlexMold.MVVM.ViewModel.Setting.MotorSettingViewModel.UpdateMotorSettingsDB|Successfully Updated Motor settings
2024-04-22 13:42:10.6014|INFO|Motor Setting|FlexMold.MVVM.ViewModel.Setting.MotorSettingViewModel.LoadMotorSettingsDB|Starting to search motors from 
2024-04-22 13:42:12.5627|TRACE|TwinCat|FlexMold.Utility.TwinCathelper.GetSlaveMachineState|Writing ECAbExecute : 1
2024-04-22 13:42:12.5752|TRACE|TwinCat|FlexMold.Utility.TwinCathelper.GetSlaveMachineState|Readed ECAbError : false
2024-04-22 13:42:12.5752|TRACE|TwinCat|FlexMold.Utility.TwinCathelper.GetSlaveMachineState|Readed ECAdevStates : "AQEBAQ=="
2024-04-22 13:42:12.5752|TRACE|TwinCat|FlexMold.Utility.TwinCathelper.GetSlaveMachineState|Writing ECAbExecute : 0
2024-04-22 13:42:15.5882|TRACE|TwinCat|FlexMold.Utility.TwinCathelper.GetSlaveMachineState|Writing ECAbExecute : 1
2024-04-22 13:42:15.5882|TRACE|TwinCat|FlexMold.Utility.TwinCathelper.GetSlaveMachineState|Readed ECAbError : false
2024-04-22 13:42:15.6039|TRACE|TwinCat|FlexMold.Utility.TwinCathelper.GetSlaveMachineState|Readed ECAdevStates : "AQEBAQ=="
2024-04-22 13:42:15.6039|TRACE|TwinCat|FlexMold.Utility.TwinCathelper.GetSlaveMachineState|Writing ECAbExecute : 0
2024-04-22 13:42:18.6096|TRACE|TwinCat|FlexMold.Utility.TwinCathelper.GetSlaveMachineState|Writing ECAbExecute : 1
2024-04-22 13:42:18.6222|TRACE|TwinCat|FlexMold.Utility.TwinCathelper.GetSlaveMachineState|Readed ECAbError : false
2024-04-22 13:42:18.6222|TRACE|TwinCat|FlexMold.Utility.TwinCathelper.GetSlaveMachineState|Readed ECAdevStates : "AQEBAQ=="
2024-04-22 13:42:18.6222|TRACE|TwinCat|FlexMold.Utility.TwinCathelper.GetSlaveMachineState|Writing ECAbExecute : 0
2024-04-22 13:42:21.6281|TRACE|TwinCat|FlexMold.Utility.TwinCathelper.GetSlaveMachineState|Writing ECAbExecute : 1
2024-04-22 13:42:21.6359|TRACE|TwinCat|FlexMold.Utility.TwinCathelper.GetSlaveMachineState|Readed ECAbError : false
2024-04-22 13:42:21.6359|TRACE|TwinCat|FlexMold.Utility.TwinCathelper.GetSlaveMachineState|Readed ECAdevStates : "AQEBAQ=="
2024-04-22 13:42:21.6359|TRACE|TwinCat|FlexMold.Utility.TwinCathelper.GetSlaveMachineState|Writing ECAbExecute : 0
2024-04-22 13:42:24.6370|TRACE|TwinCat|FlexMold.Utility.TwinCathelper.GetSlaveMachineState|Writing ECAbExecute : 1
2024-04-22 13:42:24.6370|TRACE|TwinCat|FlexMold.Utility.TwinCathelper.GetSlaveMachineState|Readed ECAbError : false
2024-04-22 13:42:24.6584|TRACE|TwinCat|FlexMold.Utility.TwinCathelper.GetSlaveMachineState|Readed ECAdevStates : "AQEBAQ=="
2024-04-22 13:42:24.6584|TRACE|TwinCat|FlexMold.Utility.TwinCathelper.GetSlaveMachineState|Writing ECAbExecute : 0
2024-04-22 13:42:27.6599|TRACE|TwinCat|FlexMold.Utility.TwinCathelper.GetSlaveMachineState|Writing ECAbExecute : 1
2024-04-22 13:42:27.6678|TRACE|TwinCat|FlexMold.Utility.TwinCathelper.GetSlaveMachineState|Readed ECAbError : false
2024-04-22 13:42:27.6678|TRACE|TwinCat|FlexMold.Utility.TwinCathelper.GetSlaveMachineState|Readed ECAdevStates : "AQEBAQ=="
2024-04-22 13:42:27.6678|TRACE|TwinCat|FlexMold.Utility.TwinCathelper.GetSlaveMachineState|Writing ECAbExecute : 0
2024-04-22 13:42:30.6700|TRACE|TwinCat|FlexMold.Utility.TwinCathelper.GetSlaveMachineState|Writing ECAbExecute : 1
2024-04-22 13:42:30.6700|TRACE|TwinCat|FlexMold.Utility.TwinCathelper.GetSlaveMachineState|Readed ECAbError : false
2024-04-22 13:42:30.6830|TRACE|TwinCat|FlexMold.Utility.TwinCathelper.GetSlaveMachineState|Readed ECAdevStates : "AQEBAQ=="
2024-04-22 13:42:30.6830|TRACE|TwinCat|FlexMold.Utility.TwinCathelper.GetSlaveMachineState|Writing ECAbExecute : 0
2024-04-22 13:42:33.7002|TRACE|TwinCat|FlexMold.Utility.TwinCathelper.GetSlaveMachineState|Writing ECAbExecute : 1
2024-04-22 13:42:33.7002|TRACE|TwinCat|FlexMold.Utility.TwinCathelper.GetSlaveMachineState|Readed ECAbError : false
2024-04-22 13:42:33.7139|TRACE|TwinCat|FlexMold.Utility.TwinCathelper.GetSlaveMachineState|Readed ECAdevStates : "AQEBAQ=="
2024-04-22 13:42:33.7139|TRACE|TwinCat|FlexMold.Utility.TwinCathelper.GetSlaveMachineState|Writing ECAbExecute : 0
2024-04-22 13:42:36.7231|TRACE|TwinCat|FlexMold.Utility.TwinCathelper.GetSlaveMachineState|Writing ECAbExecute : 1
2024-04-22 13:42:36.7309|TRACE|TwinCat|FlexMold.Utility.TwinCathelper.GetSlaveMachineState|Readed ECAbError : false
2024-04-22 13:42:36.7309|TRACE|TwinCat|FlexMold.Utility.TwinCathelper.GetSlaveMachineState|Readed ECAdevStates : "AQEBAQ=="
2024-04-22 13:42:36.7309|TRACE|TwinCat|FlexMold.Utility.TwinCathelper.GetSlaveMachineState|Writing ECAbExecute : 0
2024-04-22 13:42:39.7385|TRACE|TwinCat|FlexMold.Utility.TwinCathelper.GetSlaveMachineState|Writing ECAbExecute : 1
2024-04-22 13:42:39.7459|TRACE|TwinCat|FlexMold.Utility.TwinCathelper.GetSlaveMachineState|Readed ECAbError : false
2024-04-22 13:42:39.7459|TRACE|TwinCat|FlexMold.Utility.TwinCathelper.GetSlaveMachineState|Readed ECAdevStates : "AQEBAQ=="
2024-04-22 13:42:39.7459|TRACE|TwinCat|FlexMold.Utility.TwinCathelper.GetSlaveMachineState|Writing ECAbExecute : 0
2024-04-22 13:42:42.7468|TRACE|TwinCat|FlexMold.Utility.TwinCathelper.GetSlaveMachineState|Writing ECAbExecute : 1
2024-04-22 13:42:42.7468|TRACE|TwinCat|FlexMold.Utility.TwinCathelper.GetSlaveMachineState|Readed ECAbError : false
2024-04-22 13:42:42.7468|TRACE|TwinCat|FlexMold.Utility.TwinCathelper.GetSlaveMachineState|Readed ECAdevStates : "AQEBAQ=="
2024-04-22 13:42:42.7468|TRACE|TwinCat|FlexMold.Utility.TwinCathelper.GetSlaveMachineState|Writing ECAbExecute : 0
